<?xml version="1.0" encoding="UTF-8"?>
<!-- Generated by org.testng.reporters.JUnitXMLReporter -->
<testsuite ignored="0" hostname="Archanas-Air" failures="8" tests="41" name="Default test" time="77.167" errors="0" timestamp="2023-06-22T13:54:22 EDT">
  <testcase classname="io.cucumber.testng.AbstractTestNGCucumberTests" name="runScenario" time="4.237"/>
  <testcase classname="io.cucumber.testng.AbstractTestNGCucumberTests" name="runScenario" time="1.133"/>
  <testcase classname="io.cucumber.testng.AbstractTestNGCucumberTests" name="runScenario" time="0.534"/>
  <testcase classname="io.cucumber.testng.AbstractTestNGCucumberTests" name="runScenario" time="0.57"/>
  <testcase classname="io.cucumber.testng.AbstractTestNGCucumberTests" name="runScenario" time="0.353"/>
  <testcase classname="io.cucumber.testng.AbstractTestNGCucumberTests" name="runScenario" time="0.385"/>
  <testcase classname="io.cucumber.testng.AbstractTestNGCucumberTests" name="runScenario" time="0.351"/>
  <testcase classname="io.cucumber.testng.AbstractTestNGCucumberTests" name="runScenario" time="0.514"/>
  <testcase classname="io.cucumber.testng.AbstractTestNGCucumberTests" name="runScenario" time="1.201"/>
  <testcase classname="io.cucumber.testng.AbstractTestNGCucumberTests" name="runScenario" time="0.559"/>
  <testcase classname="io.cucumber.testng.AbstractTestNGCucumberTests" name="runScenario" time="0.37"/>
  <testcase classname="io.cucumber.testng.AbstractTestNGCucumberTests" name="runScenario" time="0.593"/>
  <testcase classname="io.cucumber.testng.AbstractTestNGCucumberTests" name="runScenario" time="0.388"/>
  <testcase classname="io.cucumber.testng.AbstractTestNGCucumberTests" name="runScenario" time="0.375"/>
  <testcase classname="io.cucumber.testng.AbstractTestNGCucumberTests" name="runScenario" time="0.568"/>
  <testcase classname="io.cucumber.testng.AbstractTestNGCucumberTests" name="runScenario" time="0.637"/>
  <testcase classname="io.cucumber.testng.AbstractTestNGCucumberTests" name="runScenario" time="1.049"/>
  <testcase classname="io.cucumber.testng.AbstractTestNGCucumberTests" name="runScenario" time="0.583"/>
  <testcase classname="io.cucumber.testng.AbstractTestNGCucumberTests" name="runScenario" time="0.908"/>
  <testcase classname="io.cucumber.testng.AbstractTestNGCucumberTests" name="runScenario" time="1.171">
    <failure type="java.lang.AssertionError" message="expected [password_mismatch:The two password fields didnÃ¢â‚¬â„¢t match.] but found [null]">
      <![CDATA[java.lang.AssertionError: expected [password_mismatch:The two password fields didnÃ¢â‚¬â„¢t match.] but found [null]
at org.testng.Assert.fail(Assert.java:110)
at org.testng.Assert.failNotEquals(Assert.java:1413)
at org.testng.Assert.assertEqualsImpl(Assert.java:149)
at org.testng.Assert.assertEquals(Assert.java:131)
at org.testng.Assert.assertEquals(Assert.java:655)
at org.testng.Assert.assertEquals(Assert.java:665)
at stepdefinition.Register1SD.it_should_display_an_error_message(Register1SD.java:81)
at ✽.It should display an error message "password_mismatch:The two password fields didnÃ¢â‚¬â„¢t match."(file:///Users/archanasawant/eclipse-workspace-Cucumber/DSALGO_Cucumber/src/test/resources/Features/02Register1.feature:38)
]]>
    </failure>
  </testcase> <!-- runScenario -->
  <testcase classname="io.cucumber.testng.AbstractTestNGCucumberTests" name="runScenario" time="1.101">
    <failure type="java.lang.AssertionError" message="expected [password_mismatch:The two password fields didnÃ¢â‚¬â„¢t match.] but found [null]">
      <![CDATA[java.lang.AssertionError: expected [password_mismatch:The two password fields didnÃ¢â‚¬â„¢t match.] but found [null]
at org.testng.Assert.fail(Assert.java:110)
at org.testng.Assert.failNotEquals(Assert.java:1413)
at org.testng.Assert.assertEqualsImpl(Assert.java:149)
at org.testng.Assert.assertEquals(Assert.java:131)
at org.testng.Assert.assertEquals(Assert.java:655)
at org.testng.Assert.assertEquals(Assert.java:665)
at stepdefinition.Register1SD.it_should_display_an_error_message(Register1SD.java:81)
at ✽.It should display an error message "password_mismatch:The two password fields didnÃ¢â‚¬â„¢t match."(file:///Users/archanasawant/eclipse-workspace-Cucumber/DSALGO_Cucumber/src/test/resources/Features/02Register1.feature:46)
]]>
    </failure>
  </testcase> <!-- runScenario -->
  <testcase classname="io.cucumber.testng.AbstractTestNGCucumberTests" name="runScenario" time="0.995">
    <failure type="java.lang.AssertionError" message="expected [Password should contain at least 8 characters] but found [null]">
      <![CDATA[java.lang.AssertionError: expected [Password should contain at least 8 characters] but found [null]
at org.testng.Assert.fail(Assert.java:110)
at org.testng.Assert.failNotEquals(Assert.java:1413)
at org.testng.Assert.assertEqualsImpl(Assert.java:149)
at org.testng.Assert.assertEquals(Assert.java:131)
at org.testng.Assert.assertEquals(Assert.java:655)
at org.testng.Assert.assertEquals(Assert.java:665)
at stepdefinition.Register1SD.it_should_display_an_error_message(Register1SD.java:81)
at ✽.It should display an error message "Password should contain at least 8 characters"(file:///Users/archanasawant/eclipse-workspace-Cucumber/DSALGO_Cucumber/src/test/resources/Features/02Register1.feature:54)
]]>
    </failure>
  </testcase> <!-- runScenario -->
  <testcase classname="io.cucumber.testng.AbstractTestNGCucumberTests" name="runScenario" time="1.052">
    <failure type="java.lang.AssertionError" message="expected [Password canÃ¢â‚¬â„¢t be entirely numeric.] but found [null]">
      <![CDATA[java.lang.AssertionError: expected [Password canÃ¢â‚¬â„¢t be entirely numeric.] but found [null]
at org.testng.Assert.fail(Assert.java:110)
at org.testng.Assert.failNotEquals(Assert.java:1413)
at org.testng.Assert.assertEqualsImpl(Assert.java:149)
at org.testng.Assert.assertEquals(Assert.java:131)
at org.testng.Assert.assertEquals(Assert.java:655)
at org.testng.Assert.assertEquals(Assert.java:665)
at stepdefinition.Register1SD.it_should_display_an_error_message(Register1SD.java:81)
at ✽.It should display an error message "Password canÃ¢â‚¬â„¢t be entirely numeric."(file:///Users/archanasawant/eclipse-workspace-Cucumber/DSALGO_Cucumber/src/test/resources/Features/02Register1.feature:62)
]]>
    </failure>
  </testcase> <!-- runScenario -->
  <testcase classname="io.cucumber.testng.AbstractTestNGCucumberTests" name="runScenario" time="1.693">
    <failure type="java.lang.AssertionError" message="expected [password canÃ¢â‚¬â„¢t be too similar to your other personal information.] but found [null]">
      <![CDATA[java.lang.AssertionError: expected [password canÃ¢â‚¬â„¢t be too similar to your other personal information.] but found [null]
at org.testng.Assert.fail(Assert.java:110)
at org.testng.Assert.failNotEquals(Assert.java:1413)
at org.testng.Assert.assertEqualsImpl(Assert.java:149)
at org.testng.Assert.assertEquals(Assert.java:131)
at org.testng.Assert.assertEquals(Assert.java:655)
at org.testng.Assert.assertEquals(Assert.java:665)
at stepdefinition.Register1SD.it_should_display_an_error_message(Register1SD.java:81)
at ✽.It should display an error message "password canÃ¢â‚¬â„¢t be too similar to your other personal information."(file:///Users/archanasawant/eclipse-workspace-Cucumber/DSALGO_Cucumber/src/test/resources/Features/02Register1.feature:70)
]]>
    </failure>
  </testcase> <!-- runScenario -->
  <testcase classname="io.cucumber.testng.AbstractTestNGCucumberTests" name="runScenario" time="0.792">
    <failure type="java.lang.AssertionError" message="expected [Password canÃ¢â‚¬â„¢t be commonly used password] but found [null]">
      <![CDATA[java.lang.AssertionError: expected [Password canÃ¢â‚¬â„¢t be commonly used password] but found [null]
at org.testng.Assert.fail(Assert.java:110)
at org.testng.Assert.failNotEquals(Assert.java:1413)
at org.testng.Assert.assertEqualsImpl(Assert.java:149)
at org.testng.Assert.assertEquals(Assert.java:131)
at org.testng.Assert.assertEquals(Assert.java:655)
at org.testng.Assert.assertEquals(Assert.java:665)
at stepdefinition.Register1SD.it_should_display_an_error_message(Register1SD.java:81)
at ✽.It should display an error message "Password canÃ¢â‚¬â„¢t be commonly used password"(file:///Users/archanasawant/eclipse-workspace-Cucumber/DSALGO_Cucumber/src/test/resources/Features/02Register1.feature:78)
]]>
    </failure>
  </testcase> <!-- runScenario -->
  <testcase classname="io.cucumber.testng.AbstractTestNGCucumberTests" name="runScenario" time="1.132">
    <failure type="java.lang.AssertionError" message="Title do not match expected [NumpyNinja] but found [Registration]">
      <![CDATA[java.lang.AssertionError: Title do not match expected [NumpyNinja] but found [Registration]
at org.testng.Assert.fail(Assert.java:110)
at org.testng.Assert.failNotEquals(Assert.java:1413)
at org.testng.Assert.assertEqualsImpl(Assert.java:149)
at org.testng.Assert.assertEquals(Assert.java:131)
at org.testng.Assert.assertEquals(Assert.java:655)
at stepdefinition.Register1SD.the_user_should_be_redirected_to_homepage_with_the_message(Register1SD.java:153)
at ✽.The user should be redirected to Homepage with the message "New Account Created. You are logged in as <username>"(file:///Users/archanasawant/eclipse-workspace-Cucumber/DSALGO_Cucumber/src/test/resources/Features/02Register1.feature:86)
]]>
    </failure>
  </testcase> <!-- runScenario -->
  <testcase classname="io.cucumber.testng.AbstractTestNGCucumberTests" name="runScenario" time="0.906">
    <failure type="java.lang.AssertionError" message="expected [Username already exists] but found [null]">
      <![CDATA[java.lang.AssertionError: expected [Username already exists] but found [null]
at org.testng.Assert.fail(Assert.java:110)
at org.testng.Assert.failNotEquals(Assert.java:1413)
at org.testng.Assert.assertEqualsImpl(Assert.java:149)
at org.testng.Assert.assertEquals(Assert.java:131)
at org.testng.Assert.assertEquals(Assert.java:655)
at org.testng.Assert.assertEquals(Assert.java:665)
at stepdefinition.Register1SD.it_should_display_an_error_message(Register1SD.java:81)
at ✽.It should display an error message "Username already exists"(file:///Users/archanasawant/eclipse-workspace-Cucumber/DSALGO_Cucumber/src/test/resources/Features/02Register1.feature:94)
]]>
    </failure>
  </testcase> <!-- runScenario -->
  <testcase classname="io.cucumber.testng.AbstractTestNGCucumberTests" name="runScenario" time="0.65"/>
  <testcase classname="io.cucumber.testng.AbstractTestNGCucumberTests" name="runScenario" time="0.812"/>
  <testcase classname="io.cucumber.testng.AbstractTestNGCucumberTests" name="runScenario" time="0.785"/>
  <testcase classname="io.cucumber.testng.AbstractTestNGCucumberTests" name="runScenario" time="0.39"/>
  <testcase classname="io.cucumber.testng.AbstractTestNGCucumberTests" name="runScenario" time="2.138"/>
  <testcase classname="io.cucumber.testng.AbstractTestNGCucumberTests" name="runScenario" time="0.948"/>
  <testcase classname="io.cucumber.testng.AbstractTestNGCucumberTests" name="runScenario" time="0.975"/>
  <testcase classname="io.cucumber.testng.AbstractTestNGCucumberTests" name="runScenario" time="0.732"/>
  <testcase classname="io.cucumber.testng.AbstractTestNGCucumberTests" name="runScenario" time="0.879"/>
  <testcase classname="io.cucumber.testng.AbstractTestNGCucumberTests" name="runScenario" time="1.505"/>
  <testcase classname="io.cucumber.testng.AbstractTestNGCucumberTests" name="runScenario" time="1.557"/>
  <testcase classname="io.cucumber.testng.AbstractTestNGCucumberTests" name="runScenario" time="2.134"/>
  <testcase classname="io.cucumber.testng.AbstractTestNGCucumberTests" name="runScenario" time="8.251"/>
  <testcase classname="io.cucumber.testng.AbstractTestNGCucumberTests" name="runScenario" time="7.46"/>
</testsuite> <!-- Default test -->
